{
  "/Users/private/PhpstormProjects/react-nest-view/src/components/ReactNestView.tsx": {
    "path": "/Users/private/PhpstormProjects/react-nest-view/src/components/ReactNestView.tsx",
    "statementMap": {
      "0": {
        "start": { "line": 6, "column": 41 },
        "end": { "line": 27, "column": 1 }
      },
      "1": {
        "start": { "line": 14, "column": 2 },
        "end": { "line": 26, "column": 8 }
      },
      "2": {
        "start": { "line": 16, "column": 6 },
        "end": { "line": 24, "column": 8 }
      }
    },
    "fnMap": {
      "0": {
        "name": "(anonymous_0)",
        "decl": {
          "start": { "line": 6, "column": 41 },
          "end": { "line": 6, "column": 42 }
        },
        "loc": {
          "start": { "line": 14, "column": 2 },
          "end": { "line": 26, "column": 8 }
        },
        "line": 14
      },
      "1": {
        "name": "(anonymous_1)",
        "decl": {
          "start": { "line": 15, "column": 15 },
          "end": { "line": 15, "column": 16 }
        },
        "loc": {
          "start": { "line": 16, "column": 6 },
          "end": { "line": 24, "column": 8 }
        },
        "line": 16
      }
    },
    "branchMap": {
      "0": {
        "loc": {
          "start": { "line": 8, "column": 2 },
          "end": { "line": 8, "column": 20 }
        },
        "type": "default-arg",
        "locations": [
          {
            "start": { "line": 8, "column": 11 },
            "end": { "line": 8, "column": 20 }
          }
        ],
        "line": 8
      },
      "1": {
        "loc": {
          "start": { "line": 9, "column": 2 },
          "end": { "line": 9, "column": 15 }
        },
        "type": "default-arg",
        "locations": [
          {
            "start": { "line": 9, "column": 11 },
            "end": { "line": 9, "column": 15 }
          }
        ],
        "line": 9
      },
      "2": {
        "loc": {
          "start": { "line": 10, "column": 2 },
          "end": { "line": 10, "column": 11 }
        },
        "type": "default-arg",
        "locations": [
          {
            "start": { "line": 10, "column": 10 },
            "end": { "line": 10, "column": 11 }
          }
        ],
        "line": 10
      }
    },
    "s": { "0": 1, "1": 3, "2": 6 },
    "f": { "0": 3, "1": 6 },
    "b": { "0": [1], "1": [1], "2": [1] },
    "_coverageSchema": "1a1c01bbd47fc00a2c39e90264f33305004495a9",
    "hash": "301c8f7dadcadfaf8e11d41130af9012c6b4caf0"
  },
  "/Users/private/PhpstormProjects/react-nest-view/src/components/ReactNestViewNode.tsx": {
    "path": "/Users/private/PhpstormProjects/react-nest-view/src/components/ReactNestViewNode.tsx",
    "statementMap": {
      "0": {
        "start": { "line": 5, "column": 46 },
        "end": { "line": 7, "column": 1 }
      },
      "1": {
        "start": { "line": 6, "column": 23 },
        "end": { "line": 6, "column": 63 }
      },
      "2": {
        "start": { "line": 12, "column": 24 },
        "end": { "line": 14, "column": 1 }
      },
      "3": {
        "start": { "line": 16, "column": 49 },
        "end": { "line": 51, "column": 1 }
      },
      "4": {
        "start": { "line": 27, "column": 40 },
        "end": { "line": 27, "column": 56 }
      },
      "5": {
        "start": { "line": 28, "column": 20 },
        "end": { "line": 28, "column": 32 }
      },
      "6": {
        "start": { "line": 29, "column": 19 },
        "end": { "line": 29, "column": 41 }
      },
      "7": {
        "start": { "line": 31, "column": 18 },
        "end": { "line": 35, "column": 4 }
      },
      "8": {
        "start": { "line": 37, "column": 2 },
        "end": { "line": 50, "column": 3 }
      }
    },
    "fnMap": {
      "0": {
        "name": "(anonymous_0)",
        "decl": {
          "start": { "line": 6, "column": 9 },
          "end": { "line": 6, "column": 10 }
        },
        "loc": {
          "start": { "line": 6, "column": 23 },
          "end": { "line": 6, "column": 63 }
        },
        "line": 6
      },
      "1": {
        "name": "(anonymous_1)",
        "decl": {
          "start": { "line": 16, "column": 49 },
          "end": { "line": 16, "column": 50 }
        },
        "loc": {
          "start": { "line": 23, "column": 6 },
          "end": { "line": 51, "column": 1 }
        },
        "line": 23
      }
    },
    "branchMap": {
      "0": {
        "loc": {
          "start": { "line": 19, "column": 2 },
          "end": { "line": 19, "column": 15 }
        },
        "type": "default-arg",
        "locations": [
          {
            "start": { "line": 19, "column": 11 },
            "end": { "line": 19, "column": 15 }
          }
        ],
        "line": 19
      },
      "1": {
        "loc": {
          "start": { "line": 20, "column": 2 },
          "end": { "line": 20, "column": 11 }
        },
        "type": "default-arg",
        "locations": [
          {
            "start": { "line": 20, "column": 10 },
            "end": { "line": 20, "column": 11 }
          }
        ],
        "line": 20
      },
      "2": {
        "loc": {
          "start": { "line": 38, "column": 16 },
          "end": { "line": 38, "column": 37 }
        },
        "type": "cond-expr",
        "locations": [
          {
            "start": { "line": 38, "column": 24 },
            "end": { "line": 38, "column": 32 }
          },
          {
            "start": { "line": 38, "column": 35 },
            "end": { "line": 38, "column": 37 }
          }
        ],
        "line": 38
      },
      "3": {
        "loc": {
          "start": { "line": 40, "column": 7 },
          "end": { "line": 48, "column": 14 }
        },
        "type": "cond-expr",
        "locations": [
          {
            "start": { "line": 41, "column": 8 },
            "end": { "line": 47, "column": 10 }
          },
          {
            "start": { "line": 48, "column": 10 },
            "end": { "line": 48, "column": 14 }
          }
        ],
        "line": 40
      },
      "4": {
        "loc": {
          "start": { "line": 40, "column": 7 },
          "end": { "line": 40, "column": 57 }
        },
        "type": "binary-expr",
        "locations": [
          {
            "start": { "line": 40, "column": 7 },
            "end": { "line": 40, "column": 17 }
          },
          {
            "start": { "line": 40, "column": 21 },
            "end": { "line": 40, "column": 42 }
          },
          {
            "start": { "line": 40, "column": 46 },
            "end": { "line": 40, "column": 57 }
          }
        ],
        "line": 40
      }
    },
    "s": {
      "0": 1,
      "1": 6,
      "2": 1,
      "3": 1,
      "4": 6,
      "5": 6,
      "6": 6,
      "7": 6,
      "8": 6
    },
    "f": { "0": 6, "1": 6 },
    "b": { "0": [0], "1": [0], "2": [6, 0], "3": [2, 4], "4": [6, 2, 2] },
    "_coverageSchema": "1a1c01bbd47fc00a2c39e90264f33305004495a9",
    "hash": "3c8c6037b483fac42706f235b1c06b8e24bd3c56"
  },
  "/Users/private/PhpstormProjects/react-nest-view/src/stories/ReactNestView.stories.tsx": {
    "path": "/Users/private/PhpstormProjects/react-nest-view/src/stories/ReactNestView.stories.tsx",
    "statementMap": {
      "0": {
        "start": { "line": 5, "column": 21 },
        "end": { "line": 5, "column": 46 }
      },
      "1": {
        "start": { "line": 12, "column": 21 },
        "end": { "line": 15, "column": 2 }
      },
      "2": {
        "start": { "line": 29, "column": 37 },
        "end": { "line": 36, "column": 1 }
      },
      "3": {
        "start": { "line": 38, "column": 43 },
        "end": { "line": 38, "column": 69 }
      },
      "4": {
        "start": { "line": 40, "column": 17 },
        "end": { "line": 45, "column": 1 }
      },
      "5": {
        "start": { "line": 41, "column": 2 },
        "end": { "line": 44, "column": 4 }
      },
      "6": {
        "start": { "line": 43, "column": 25 },
        "end": { "line": 43, "column": 47 }
      },
      "7": {
        "start": { "line": 47, "column": 23 },
        "end": { "line": 47, "column": 40 }
      },
      "8": {
        "start": { "line": 48, "column": 0 },
        "end": { "line": 50, "column": 1 }
      },
      "9": {
        "start": { "line": 52, "column": 24 },
        "end": { "line": 52, "column": 41 }
      },
      "10": {
        "start": { "line": 53, "column": 0 },
        "end": { "line": 55, "column": 1 }
      }
    },
    "fnMap": {
      "0": {
        "name": "(anonymous_0)",
        "decl": {
          "start": { "line": 40, "column": 17 },
          "end": { "line": 40, "column": 18 }
        },
        "loc": {
          "start": { "line": 41, "column": 2 },
          "end": { "line": 44, "column": 4 }
        },
        "line": 41
      },
      "1": {
        "name": "(anonymous_1)",
        "decl": {
          "start": { "line": 43, "column": 15 },
          "end": { "line": 43, "column": 16 }
        },
        "loc": {
          "start": { "line": 43, "column": 25 },
          "end": { "line": 43, "column": 47 }
        },
        "line": 43
      }
    },
    "branchMap": {},
    "s": {
      "0": 1,
      "1": 1,
      "2": 1,
      "3": 1,
      "4": 1,
      "5": 1,
      "6": 6,
      "7": 1,
      "8": 1,
      "9": 1,
      "10": 1
    },
    "f": { "0": 1, "1": 6 },
    "b": {},
    "_coverageSchema": "1a1c01bbd47fc00a2c39e90264f33305004495a9",
    "hash": "556e6fb93db9951fec4c817276d50056c73b57b3"
  }
}
