TN:
SF:src/components/ReactNestView.tsx
FN:6,(anonymous_0)
FN:15,(anonymous_1)
FNF:2
FNH:2
FNDA:3,(anonymous_0)
FNDA:6,(anonymous_1)
DA:6,1
DA:14,3
DA:16,6
LF:3
LH:3
BRDA:8,0,0,1
BRDA:9,1,0,1
BRDA:10,2,0,1
BRF:3
BRH:3
end_of_record
TN:
SF:src/components/ReactNestViewNode.tsx
FN:6,(anonymous_0)
FN:16,(anonymous_1)
FNF:2
FNH:2
FNDA:6,(anonymous_0)
FNDA:6,(anonymous_1)
DA:5,1
DA:6,6
DA:12,1
DA:16,1
DA:27,6
DA:28,6
DA:29,6
DA:31,6
DA:37,6
LF:9
LH:9
BRDA:19,0,0,0
BRDA:20,1,0,0
BRDA:38,2,0,6
BRDA:38,2,1,0
BRDA:40,3,0,2
BRDA:40,3,1,4
BRDA:40,4,0,6
BRDA:40,4,1,2
BRDA:40,4,2,2
BRF:9
BRH:6
end_of_record
TN:
SF:src/stories/ReactNestView.stories.tsx
FN:40,(anonymous_0)
FN:43,(anonymous_1)
FNF:2
FNH:2
FNDA:1,(anonymous_0)
FNDA:6,(anonymous_1)
DA:5,1
DA:12,1
DA:29,1
DA:38,1
DA:40,1
DA:41,1
DA:43,6
DA:47,1
DA:48,1
DA:52,1
DA:53,1
LF:11
LH:11
BRF:0
BRH:0
end_of_record
